{"/Users/admin/Documents/GitHub/frontend-project-46/index.js": {"path":"/Users/admin/Documents/GitHub/frontend-project-46/index.js","statementMap":{},"fnMap":{},"branchMap":{},"s":{},"f":{},"b":{},"_coverageSchema":"1a1c01bbd47fc00a2c39e90264f33305004495a9","hash":"a9e07d2ac94e0e87864c6d44ba32d093f9aeabe8"}
,"/Users/admin/Documents/GitHub/frontend-project-46/src/index.js": {"path":"/Users/admin/Documents/GitHub/frontend-project-46/src/index.js","statementMap":{"0":{"start":{"line":7,"column":20},"end":{"line":7,"column":71}},"1":{"start":{"line":7,"column":34},"end":{"line":7,"column":71}},"2":{"start":{"line":8,"column":22},"end":{"line":8,"column":67}},"3":{"start":{"line":8,"column":36},"end":{"line":8,"column":67}},"4":{"start":{"line":9,"column":16},"end":{"line":9,"column":100}},"5":{"start":{"line":9,"column":30},"end":{"line":9,"column":100}},"6":{"start":{"line":11,"column":22},"end":{"line":34,"column":1}},"7":{"start":{"line":12,"column":17},"end":{"line":12,"column":19}},"8":{"start":{"line":14,"column":2},"end":{"line":30,"column":5}},"9":{"start":{"line":17,"column":8},"end":{"line":17,"column":12}},"10":{"start":{"line":20,"column":4},"end":{"line":29,"column":5}},"11":{"start":{"line":21,"column":6},"end":{"line":21,"column":41}},"12":{"start":{"line":22,"column":6},"end":{"line":22,"column":41}},"13":{"start":{"line":23,"column":11},"end":{"line":29,"column":5}},"14":{"start":{"line":24,"column":6},"end":{"line":24,"column":40}},"15":{"start":{"line":25,"column":11},"end":{"line":29,"column":5}},"16":{"start":{"line":26,"column":6},"end":{"line":26,"column":40}},"17":{"start":{"line":28,"column":6},"end":{"line":28,"column":38}},"18":{"start":{"line":33,"column":2},"end":{"line":33,"column":38}},"19":{"start":{"line":36,"column":16},"end":{"line":49,"column":1}},"20":{"start":{"line":37,"column":24},"end":{"line":37,"column":46}},"21":{"start":{"line":38,"column":24},"end":{"line":38,"column":46}},"22":{"start":{"line":40,"column":16},"end":{"line":40,"column":38}},"23":{"start":{"line":41,"column":16},"end":{"line":41,"column":38}},"24":{"start":{"line":43,"column":15},"end":{"line":43,"column":38}},"25":{"start":{"line":44,"column":2},"end":{"line":44,"column":35}}},"fnMap":{"0":{"name":"(anonymous_0)","decl":{"start":{"line":7,"column":20},"end":{"line":7,"column":21}},"loc":{"start":{"line":7,"column":34},"end":{"line":7,"column":71}},"line":7},"1":{"name":"(anonymous_1)","decl":{"start":{"line":8,"column":22},"end":{"line":8,"column":23}},"loc":{"start":{"line":8,"column":36},"end":{"line":8,"column":67}},"line":8},"2":{"name":"(anonymous_2)","decl":{"start":{"line":9,"column":16},"end":{"line":9,"column":17}},"loc":{"start":{"line":9,"column":30},"end":{"line":9,"column":100}},"line":9},"3":{"name":"(anonymous_3)","decl":{"start":{"line":11,"column":22},"end":{"line":11,"column":23}},"loc":{"start":{"line":11,"column":32},"end":{"line":34,"column":1}},"line":11},"4":{"name":"(anonymous_4)","decl":{"start":{"line":14,"column":15},"end":{"line":14,"column":16}},"loc":{"start":{"line":14,"column":25},"end":{"line":30,"column":3}},"line":14},"5":{"name":"(anonymous_5)","decl":{"start":{"line":36,"column":16},"end":{"line":36,"column":17}},"loc":{"start":{"line":36,"column":42},"end":{"line":49,"column":1}},"line":36}},"branchMap":{"0":{"loc":{"start":{"line":20,"column":4},"end":{"line":29,"column":5}},"type":"if","locations":[{"start":{"line":20,"column":4},"end":{"line":29,"column":5}},{"start":{"line":23,"column":11},"end":{"line":29,"column":5}}],"line":20},"1":{"loc":{"start":{"line":23,"column":11},"end":{"line":29,"column":5}},"type":"if","locations":[{"start":{"line":23,"column":11},"end":{"line":29,"column":5}},{"start":{"line":25,"column":11},"end":{"line":29,"column":5}}],"line":23},"2":{"loc":{"start":{"line":25,"column":11},"end":{"line":29,"column":5}},"type":"if","locations":[{"start":{"line":25,"column":11},"end":{"line":29,"column":5}},{"start":{"line":27,"column":11},"end":{"line":29,"column":5}}],"line":25}},"s":{"0":1,"1":2,"2":1,"3":2,"4":1,"5":2,"6":1,"7":1,"8":1,"9":5,"10":5,"11":1,"12":1,"13":4,"14":1,"15":3,"16":2,"17":1,"18":1,"19":1,"20":1,"21":1,"22":1,"23":1,"24":1,"25":1},"f":{"0":2,"1":2,"2":2,"3":1,"4":5,"5":1},"b":{"0":[1,4],"1":[1,3],"2":[2,1]},"_coverageSchema":"1a1c01bbd47fc00a2c39e90264f33305004495a9","hash":"5fffdcaaf3626c6d728194cfd2092b28e3c11e0a"}
,"/Users/admin/Documents/GitHub/frontend-project-46/src/parsers.js": {"path":"/Users/admin/Documents/GitHub/frontend-project-46/src/parsers.js","statementMap":{"0":{"start":{"line":3,"column":16},"end":{"line":9,"column":1}},"1":{"start":{"line":11,"column":33},"end":{"line":11,"column":54}}},"fnMap":{"0":{"name":"(anonymous_0)","decl":{"start":{"line":11,"column":15},"end":{"line":11,"column":16}},"loc":{"start":{"line":11,"column":33},"end":{"line":11,"column":54}},"line":11}},"branchMap":{},"s":{"0":1,"1":2},"f":{"0":2},"b":{},"_coverageSchema":"1a1c01bbd47fc00a2c39e90264f33305004495a9","hash":"9993e4bd5e1b8b940f03c93bbf581ec1669965c7"}
,"/Users/admin/Documents/GitHub/frontend-project-46/src/treeBuilder.js": {"path":"/Users/admin/Documents/GitHub/frontend-project-46/src/treeBuilder.js","statementMap":{"0":{"start":{"line":3,"column":18},"end":{"line":20,"column":1}},"1":{"start":{"line":4,"column":14},"end":{"line":4,"column":61}},"2":{"start":{"line":5,"column":21},"end":{"line":5,"column":34}},"3":{"start":{"line":6,"column":2},"end":{"line":19,"column":5}},"4":{"start":{"line":7,"column":4},"end":{"line":9,"column":5}},"5":{"start":{"line":8,"column":6},"end":{"line":8,"column":82}},"6":{"start":{"line":10,"column":4},"end":{"line":10,"column":77}},"7":{"start":{"line":10,"column":28},"end":{"line":10,"column":77}},"8":{"start":{"line":11,"column":4},"end":{"line":11,"column":79}},"9":{"start":{"line":11,"column":28},"end":{"line":11,"column":79}},"10":{"start":{"line":13,"column":4},"end":{"line":17,"column":5}},"11":{"start":{"line":14,"column":6},"end":{"line":16,"column":8}},"12":{"start":{"line":18,"column":4},"end":{"line":18,"column":57}}},"fnMap":{"0":{"name":"(anonymous_0)","decl":{"start":{"line":3,"column":18},"end":{"line":3,"column":19}},"loc":{"start":{"line":3,"column":36},"end":{"line":20,"column":1}},"line":3},"1":{"name":"(anonymous_1)","decl":{"start":{"line":6,"column":24},"end":{"line":6,"column":25}},"loc":{"start":{"line":6,"column":33},"end":{"line":19,"column":3}},"line":6}},"branchMap":{"0":{"loc":{"start":{"line":7,"column":4},"end":{"line":9,"column":5}},"type":"if","locations":[{"start":{"line":7,"column":4},"end":{"line":9,"column":5}},{"start":{},"end":{}}],"line":7},"1":{"loc":{"start":{"line":7,"column":8},"end":{"line":7,"column":66}},"type":"binary-expr","locations":[{"start":{"line":7,"column":8},"end":{"line":7,"column":35}},{"start":{"line":7,"column":39},"end":{"line":7,"column":66}}],"line":7},"2":{"loc":{"start":{"line":10,"column":4},"end":{"line":10,"column":77}},"type":"if","locations":[{"start":{"line":10,"column":4},"end":{"line":10,"column":77}},{"start":{},"end":{}}],"line":10},"3":{"loc":{"start":{"line":11,"column":4},"end":{"line":11,"column":79}},"type":"if","locations":[{"start":{"line":11,"column":4},"end":{"line":11,"column":79}},{"start":{},"end":{}}],"line":11},"4":{"loc":{"start":{"line":13,"column":4},"end":{"line":17,"column":5}},"type":"if","locations":[{"start":{"line":13,"column":4},"end":{"line":17,"column":5}},{"start":{},"end":{}}],"line":13}},"s":{"0":1,"1":1,"2":1,"3":1,"4":5,"5":0,"6":5,"7":1,"8":4,"9":2,"10":2,"11":1,"12":1},"f":{"0":1,"1":5},"b":{"0":[0,5],"1":[5,0],"2":[1,4],"3":[2,2],"4":[1,1]},"_coverageSchema":"1a1c01bbd47fc00a2c39e90264f33305004495a9","hash":"a948d310a664dfec5ccc7ce83921e580ccf67cb4"}
}
