TN:
SF:index.js
FNF:0
FNH:0
LF:0
LH:0
BRF:0
BRH:0
end_of_record
TN:
SF:src/index.js
FN:7,(anonymous_0)
FN:8,(anonymous_1)
FN:9,(anonymous_2)
FN:11,(anonymous_3)
FN:14,(anonymous_4)
FN:36,(anonymous_5)
FNF:6
FNH:6
FNDA:2,(anonymous_0)
FNDA:2,(anonymous_1)
FNDA:2,(anonymous_2)
FNDA:1,(anonymous_3)
FNDA:5,(anonymous_4)
FNDA:1,(anonymous_5)
DA:7,2
DA:8,2
DA:9,2
DA:11,1
DA:12,1
DA:14,1
DA:17,5
DA:20,5
DA:21,1
DA:22,1
DA:23,4
DA:24,1
DA:25,3
DA:26,2
DA:28,1
DA:33,1
DA:36,1
DA:37,1
DA:38,1
DA:40,1
DA:41,1
DA:43,1
DA:44,1
LF:23
LH:23
BRDA:20,0,0,1
BRDA:20,0,1,4
BRDA:23,1,0,1
BRDA:23,1,1,3
BRDA:25,2,0,2
BRDA:25,2,1,1
BRF:6
BRH:6
end_of_record
TN:
SF:src/parsers.js
FN:11,(anonymous_0)
FNF:1
FNH:1
FNDA:2,(anonymous_0)
DA:3,1
DA:11,2
LF:2
LH:2
BRF:0
BRH:0
end_of_record
TN:
SF:src/treeBuilder.js
FN:3,(anonymous_0)
FN:6,(anonymous_1)
FNF:2
FNH:2
FNDA:1,(anonymous_0)
FNDA:5,(anonymous_1)
DA:3,1
DA:4,1
DA:5,1
DA:6,1
DA:7,5
DA:8,0
DA:10,5
DA:11,4
DA:13,2
DA:14,1
DA:18,1
LF:11
LH:10
BRDA:7,0,0,0
BRDA:7,0,1,5
BRDA:7,1,0,5
BRDA:7,1,1,0
BRDA:10,2,0,1
BRDA:10,2,1,4
BRDA:11,3,0,2
BRDA:11,3,1,2
BRDA:13,4,0,1
BRDA:13,4,1,1
BRF:10
BRH:8
end_of_record
